2017-03-30 15:18:22,715 INFO  com.capitalone.dashboard.Application - Starting Application on PATRAG3 with PID 3292 (C:\Hygieia-master\collectors\scm\github\target\classes started by patrag in C:\Hygieia-master\collectors\scm\github\target)
2017-03-30 15:18:22,746 INFO  o.s.c.a.AnnotationConfigApplicationContext - Refreshing org.springframework.context.annotation.AnnotationConfigApplicationContext@64d7f7e0: startup date [Thu Mar 30 15:18:22 IST 2017]; root of context hierarchy
2017-03-30 15:18:23,676 INFO  c.u.j.EnableEncryptablePropertySourcesPostProcessor - Post-processing PropertySource instances
2017-03-30 15:18:23,694 INFO  c.u.j.c.StringEncryptorConfiguration - String Encryptor custom Bean not found with name 'jasyptStringEncryptor'. Initializing String Encryptor based on properties with name 'jasyptStringEncryptor'
2017-03-30 15:18:23,699 INFO  c.u.j.EnableEncryptablePropertySourcesPostProcessor - Converting PropertySource commandLineArgs [org.springframework.core.env.SimpleCommandLinePropertySource] to EncryptableEnumerablePropertySourceWrapper
2017-03-30 15:18:23,699 INFO  c.u.j.EnableEncryptablePropertySourcesPostProcessor - Converting PropertySource systemProperties [org.springframework.core.env.MapPropertySource] to EncryptableMapPropertySourceWrapper
2017-03-30 15:18:23,699 INFO  c.u.j.EnableEncryptablePropertySourcesPostProcessor - Converting PropertySource systemEnvironment [org.springframework.core.env.SystemEnvironmentPropertySource] to EncryptableMapPropertySourceWrapper
2017-03-30 15:18:23,699 INFO  c.u.j.EnableEncryptablePropertySourcesPostProcessor - Converting PropertySource random [org.springframework.boot.context.config.RandomValuePropertySource] to EncryptablePropertySourceWrapper
2017-03-30 15:18:23,700 INFO  c.u.j.EnableEncryptablePropertySourcesPostProcessor - Converting PropertySource applicationConfig: [file:dashboard.properties] [org.springframework.core.env.PropertiesPropertySource] to EncryptableMapPropertySourceWrapper
2017-03-30 15:18:23,702 INFO  o.s.b.f.a.AutowiredAnnotationBeanPostProcessor - JSR-330 'javax.inject.Inject' annotation found and supported for autowiring
2017-03-30 15:18:23,735 INFO  o.h.validator.internal.util.Version - HV000001: Hibernate Validator 5.1.3.Final
2017-03-30 15:18:23,861 INFO  c.c.d.collector.DefaultGitHubClient - GOLO USING INFO LEVEL OF LOGGING 
2017-03-30 15:18:24,853 INFO  o.s.s.c.ThreadPoolTaskScheduler - Initializing ExecutorService  'taskScheduler'
2017-03-30 15:18:24,949 INFO  c.c.dashboard.config.MongoConfig - ReplicaSetfalse
2017-03-30 15:18:24,950 INFO  c.c.dashboard.config.MongoConfig - Initializing Mongo Client server at: localhost:27017
2017-03-30 15:18:25,634 INFO  org.mongodb.driver.cluster - Cluster created with settings {hosts=[localhost:27017], mode=SINGLE, requiredClusterType=UNKNOWN, serverSelectionTimeout='30000 ms', maxWaitQueueSize=500}
2017-03-30 15:18:25,680 INFO  c.c.dashboard.config.MongoConfig - Connecting to Mongo: Mongo{options=MongoClientOptions{description='null', readPreference=primary, writeConcern=WriteConcern{w=1, wtimeout=0, fsync=false, j=false, codecRegistry=org.bson.codecs.configuration.ProvidersCodecRegistry@a162e3cf, minConnectionsPerHost=0, maxConnectionsPerHost=100, threadsAllowedToBlockForConnectionMultiplier=5, serverSelectionTimeout=30000, maxWaitTime=120000, maxConnectionIdleTime=0, maxConnectionLifeTime=0, connectTimeout=10000, socketTimeout=0, socketKeepAlive=false, sslEnabled=false, sslInvalidHostNamesAllowed=false, alwaysUseMBeans=false, heartbeatFrequency=10000, minHeartbeatFrequency=500, heartbeatConnectTimeout=20000, heartbeatSocketTimeout=20000, localThreshold=15, requiredReplicaSetName='null', dbDecoderFactory=com.mongodb.DefaultDBDecoder$1@790132f7, dbEncoderFactory=com.mongodb.DefaultDBEncoder$1@2228db21, socketFactory=javax.net.DefaultSocketFactory@48b0e701, cursorFinalizerEnabled=true, connectionPoolSettings=ConnectionPoolSettings{maxSize=100, minSize=0, maxWaitQueueSize=500, maxWaitTimeMS=120000, maxConnectionLifeTimeMS=0, maxConnectionIdleTimeMS=0, maintenanceInitialDelayMS=0, maintenanceFrequencyMS=60000}, socketSettings=SocketSettings{connectTimeoutMS=10000, readTimeoutMS=0, keepAlive=false, receiveBufferSize=0, sendBufferSize=0}, serverSettings=ServerSettings{heartbeatFrequencyMS=10000, minHeartbeatFrequencyMS=500}, heartbeatSocketSettings=SocketSettings{connectTimeoutMS=20000, readTimeoutMS=20000, keepAlive=false, receiveBufferSize=0, sendBufferSize=0}}}
2017-03-30 15:18:25,804 INFO  org.mongodb.driver.connection - Opened connection [connectionId{localValue:1, serverValue:53}] to localhost:27017
2017-03-30 15:18:25,806 INFO  org.mongodb.driver.cluster - Monitor thread successfully connected to server with description ServerDescription{address=localhost:27017, type=STANDALONE, state=CONNECTED, ok=true, version=ServerVersion{versionList=[3, 4, 2]}, minWireVersion=0, maxWireVersion=5, electionId=null, maxDocumentSize=16777216, roundTripTimeNanos=716641}
2017-03-30 15:18:26,034 INFO  org.mongodb.driver.connection - Opened connection [connectionId{localValue:2, serverValue:54}] to localhost:27017
2017-03-30 15:18:26,255 INFO  c.c.dashboard.config.MongoConfig - ReplicaSetfalse
2017-03-30 15:18:26,255 INFO  c.c.dashboard.config.MongoConfig - Initializing Mongo Client server at: localhost:27017
2017-03-30 15:18:26,256 INFO  org.mongodb.driver.cluster - Cluster created with settings {hosts=[localhost:27017], mode=SINGLE, requiredClusterType=UNKNOWN, serverSelectionTimeout='30000 ms', maxWaitQueueSize=500}
2017-03-30 15:18:26,256 INFO  c.c.dashboard.config.MongoConfig - Connecting to Mongo: Mongo{options=MongoClientOptions{description='null', readPreference=primary, writeConcern=WriteConcern{w=1, wtimeout=0, fsync=false, j=false, codecRegistry=org.bson.codecs.configuration.ProvidersCodecRegistry@a162e3cf, minConnectionsPerHost=0, maxConnectionsPerHost=100, threadsAllowedToBlockForConnectionMultiplier=5, serverSelectionTimeout=30000, maxWaitTime=120000, maxConnectionIdleTime=0, maxConnectionLifeTime=0, connectTimeout=10000, socketTimeout=0, socketKeepAlive=false, sslEnabled=false, sslInvalidHostNamesAllowed=false, alwaysUseMBeans=false, heartbeatFrequency=10000, minHeartbeatFrequency=500, heartbeatConnectTimeout=20000, heartbeatSocketTimeout=20000, localThreshold=15, requiredReplicaSetName='null', dbDecoderFactory=com.mongodb.DefaultDBDecoder$1@790132f7, dbEncoderFactory=com.mongodb.DefaultDBEncoder$1@2228db21, socketFactory=javax.net.DefaultSocketFactory@48b0e701, cursorFinalizerEnabled=true, connectionPoolSettings=ConnectionPoolSettings{maxSize=100, minSize=0, maxWaitQueueSize=500, maxWaitTimeMS=120000, maxConnectionLifeTimeMS=0, maxConnectionIdleTimeMS=0, maintenanceInitialDelayMS=0, maintenanceFrequencyMS=60000}, socketSettings=SocketSettings{connectTimeoutMS=10000, readTimeoutMS=0, keepAlive=false, receiveBufferSize=0, sendBufferSize=0}, serverSettings=ServerSettings{heartbeatFrequencyMS=10000, minHeartbeatFrequencyMS=500}, heartbeatSocketSettings=SocketSettings{connectTimeoutMS=20000, readTimeoutMS=20000, keepAlive=false, receiveBufferSize=0, sendBufferSize=0}}}
2017-03-30 15:18:26,277 INFO  c.c.dashboard.config.MongoConfig - ReplicaSetfalse
2017-03-30 15:18:26,277 INFO  c.c.dashboard.config.MongoConfig - Initializing Mongo Client server at: localhost:27017
2017-03-30 15:18:26,278 INFO  org.mongodb.driver.cluster - Cluster created with settings {hosts=[localhost:27017], mode=SINGLE, requiredClusterType=UNKNOWN, serverSelectionTimeout='30000 ms', maxWaitQueueSize=500}
2017-03-30 15:18:26,279 INFO  c.c.dashboard.config.MongoConfig - Connecting to Mongo: Mongo{options=MongoClientOptions{description='null', readPreference=primary, writeConcern=WriteConcern{w=1, wtimeout=0, fsync=false, j=false, codecRegistry=org.bson.codecs.configuration.ProvidersCodecRegistry@a162e3cf, minConnectionsPerHost=0, maxConnectionsPerHost=100, threadsAllowedToBlockForConnectionMultiplier=5, serverSelectionTimeout=30000, maxWaitTime=120000, maxConnectionIdleTime=0, maxConnectionLifeTime=0, connectTimeout=10000, socketTimeout=0, socketKeepAlive=false, sslEnabled=false, sslInvalidHostNamesAllowed=false, alwaysUseMBeans=false, heartbeatFrequency=10000, minHeartbeatFrequency=500, heartbeatConnectTimeout=20000, heartbeatSocketTimeout=20000, localThreshold=15, requiredReplicaSetName='null', dbDecoderFactory=com.mongodb.DefaultDBDecoder$1@790132f7, dbEncoderFactory=com.mongodb.DefaultDBEncoder$1@2228db21, socketFactory=javax.net.DefaultSocketFactory@48b0e701, cursorFinalizerEnabled=true, connectionPoolSettings=ConnectionPoolSettings{maxSize=100, minSize=0, maxWaitQueueSize=500, maxWaitTimeMS=120000, maxConnectionLifeTimeMS=0, maxConnectionIdleTimeMS=0, maintenanceInitialDelayMS=0, maintenanceFrequencyMS=60000}, socketSettings=SocketSettings{connectTimeoutMS=10000, readTimeoutMS=0, keepAlive=false, receiveBufferSize=0, sendBufferSize=0}, serverSettings=ServerSettings{heartbeatFrequencyMS=10000, minHeartbeatFrequencyMS=500}, heartbeatSocketSettings=SocketSettings{connectTimeoutMS=20000, readTimeoutMS=20000, keepAlive=false, receiveBufferSize=0, sendBufferSize=0}}}
2017-03-30 15:18:26,295 INFO  org.mongodb.driver.connection - Opened connection [connectionId{localValue:3, serverValue:55}] to localhost:27017
2017-03-30 15:18:26,297 INFO  org.mongodb.driver.cluster - Monitor thread successfully connected to server with description ServerDescription{address=localhost:27017, type=STANDALONE, state=CONNECTED, ok=true, version=ServerVersion{versionList=[3, 4, 2]}, minWireVersion=0, maxWireVersion=5, electionId=null, maxDocumentSize=16777216, roundTripTimeNanos=796838}
2017-03-30 15:18:26,310 INFO  org.mongodb.driver.connection - Opened connection [connectionId{localValue:4, serverValue:56}] to localhost:27017
2017-03-30 15:18:26,312 INFO  org.mongodb.driver.cluster - Monitor thread successfully connected to server with description ServerDescription{address=localhost:27017, type=STANDALONE, state=CONNECTED, ok=true, version=ServerVersion{versionList=[3, 4, 2]}, minWireVersion=0, maxWireVersion=5, electionId=null, maxDocumentSize=16777216, roundTripTimeNanos=917332}
2017-03-30 15:18:26,514 INFO  c.c.dashboard.config.MongoConfig - ReplicaSetfalse
2017-03-30 15:18:26,515 INFO  c.c.dashboard.config.MongoConfig - Initializing Mongo Client server at: localhost:27017
2017-03-30 15:18:26,515 INFO  org.mongodb.driver.cluster - Cluster created with settings {hosts=[localhost:27017], mode=SINGLE, requiredClusterType=UNKNOWN, serverSelectionTimeout='30000 ms', maxWaitQueueSize=500}
2017-03-30 15:18:26,516 INFO  c.c.dashboard.config.MongoConfig - Connecting to Mongo: Mongo{options=MongoClientOptions{description='null', readPreference=primary, writeConcern=WriteConcern{w=1, wtimeout=0, fsync=false, j=false, codecRegistry=org.bson.codecs.configuration.ProvidersCodecRegistry@a162e3cf, minConnectionsPerHost=0, maxConnectionsPerHost=100, threadsAllowedToBlockForConnectionMultiplier=5, serverSelectionTimeout=30000, maxWaitTime=120000, maxConnectionIdleTime=0, maxConnectionLifeTime=0, connectTimeout=10000, socketTimeout=0, socketKeepAlive=false, sslEnabled=false, sslInvalidHostNamesAllowed=false, alwaysUseMBeans=false, heartbeatFrequency=10000, minHeartbeatFrequency=500, heartbeatConnectTimeout=20000, heartbeatSocketTimeout=20000, localThreshold=15, requiredReplicaSetName='null', dbDecoderFactory=com.mongodb.DefaultDBDecoder$1@790132f7, dbEncoderFactory=com.mongodb.DefaultDBEncoder$1@2228db21, socketFactory=javax.net.DefaultSocketFactory@48b0e701, cursorFinalizerEnabled=true, connectionPoolSettings=ConnectionPoolSettings{maxSize=100, minSize=0, maxWaitQueueSize=500, maxWaitTimeMS=120000, maxConnectionLifeTimeMS=0, maxConnectionIdleTimeMS=0, maintenanceInitialDelayMS=0, maintenanceFrequencyMS=60000}, socketSettings=SocketSettings{connectTimeoutMS=10000, readTimeoutMS=0, keepAlive=false, receiveBufferSize=0, sendBufferSize=0}, serverSettings=ServerSettings{heartbeatFrequencyMS=10000, minHeartbeatFrequencyMS=500}, heartbeatSocketSettings=SocketSettings{connectTimeoutMS=20000, readTimeoutMS=20000, keepAlive=false, receiveBufferSize=0, sendBufferSize=0}}}
2017-03-30 15:18:26,535 INFO  org.mongodb.driver.connection - Opened connection [connectionId{localValue:5, serverValue:57}] to localhost:27017
2017-03-30 15:18:26,537 INFO  org.mongodb.driver.cluster - Monitor thread successfully connected to server with description ServerDescription{address=localhost:27017, type=STANDALONE, state=CONNECTED, ok=true, version=ServerVersion{versionList=[3, 4, 2]}, minWireVersion=0, maxWireVersion=5, electionId=null, maxDocumentSize=16777216, roundTripTimeNanos=610765}
2017-03-30 15:18:26,894 INFO  o.s.j.e.a.AnnotationMBeanExporter - Registering beans for JMX exposure on startup
2017-03-30 15:18:26,901 INFO  com.capitalone.dashboard.Application - Started Application in 4.407 seconds (JVM running for 5.898)
2017-03-30 15:20:00,005 INFO  c.c.d.collector.CollectorTask - Running Collector: GitHub
2017-03-30 15:20:00,010 INFO  c.c.d.collector.CollectorTask - -----------------------------------
2017-03-30 15:20:00,010 INFO  c.c.d.collector.CollectorTask - Starting...
2017-03-30 15:20:00,010 INFO  c.c.d.collector.CollectorTask - -----------------------------------
2017-03-30 15:20:00,033 INFO  c.c.d.collector.CollectorTask - Repo Count              0        0s
2017-03-30 15:20:00,033 INFO  c.c.d.collector.CollectorTask - New Commits             0        0s
2017-03-30 15:20:00,033 INFO  c.c.d.collector.CollectorTask - Finished                         0s
2017-03-30 15:28:31,364 INFO  com.capitalone.dashboard.Application - Starting Application on PATRAG3 with PID 12536 (C:\Hygieia-master\collectors\scm\github\target\classes started by patrag in C:\Hygieia-master\collectors\scm\github\target)
2017-03-30 15:28:31,397 INFO  o.s.c.a.AnnotationConfigApplicationContext - Refreshing org.springframework.context.annotation.AnnotationConfigApplicationContext@71a8adcf: startup date [Thu Mar 30 15:28:31 IST 2017]; root of context hierarchy
2017-03-30 15:28:32,403 INFO  c.u.j.EnableEncryptablePropertySourcesPostProcessor - Post-processing PropertySource instances
2017-03-30 15:28:32,425 INFO  c.u.j.c.StringEncryptorConfiguration - String Encryptor custom Bean not found with name 'jasyptStringEncryptor'. Initializing String Encryptor based on properties with name 'jasyptStringEncryptor'
2017-03-30 15:28:32,430 INFO  c.u.j.EnableEncryptablePropertySourcesPostProcessor - Converting PropertySource commandLineArgs [org.springframework.core.env.SimpleCommandLinePropertySource] to EncryptableEnumerablePropertySourceWrapper
2017-03-30 15:28:32,431 INFO  c.u.j.EnableEncryptablePropertySourcesPostProcessor - Converting PropertySource systemProperties [org.springframework.core.env.MapPropertySource] to EncryptableMapPropertySourceWrapper
2017-03-30 15:28:32,431 INFO  c.u.j.EnableEncryptablePropertySourcesPostProcessor - Converting PropertySource systemEnvironment [org.springframework.core.env.SystemEnvironmentPropertySource] to EncryptableMapPropertySourceWrapper
2017-03-30 15:28:32,431 INFO  c.u.j.EnableEncryptablePropertySourcesPostProcessor - Converting PropertySource random [org.springframework.boot.context.config.RandomValuePropertySource] to EncryptablePropertySourceWrapper
2017-03-30 15:28:32,431 INFO  c.u.j.EnableEncryptablePropertySourcesPostProcessor - Converting PropertySource applicationConfig: [file:dashboard.properties] [org.springframework.core.env.PropertiesPropertySource] to EncryptableMapPropertySourceWrapper
2017-03-30 15:28:32,435 INFO  o.s.b.f.a.AutowiredAnnotationBeanPostProcessor - JSR-330 'javax.inject.Inject' annotation found and supported for autowiring
2017-03-30 15:28:32,475 INFO  o.h.validator.internal.util.Version - HV000001: Hibernate Validator 5.1.3.Final
