2017-04-04 11:03:34,855 INFO  com.capitalone.dashboard.Application - Starting Application on PATRAG3 with PID 19932 (C:\Hygieia-master\collectors\scm\github\target\classes started by patrag in C:\Hygieia-master\collectors\scm\github\target)
2017-04-04 11:03:34,996 INFO  o.s.c.a.AnnotationConfigApplicationContext - Refreshing org.springframework.context.annotation.AnnotationConfigApplicationContext@6253c26: startup date [Tue Apr 04 11:03:34 IST 2017]; root of context hierarchy
2017-04-04 11:03:40,987 INFO  c.u.j.EnableEncryptablePropertySourcesPostProcessor - Post-processing PropertySource instances
2017-04-04 11:03:41,096 INFO  c.u.j.c.StringEncryptorConfiguration - String Encryptor custom Bean not found with name 'jasyptStringEncryptor'. Initializing String Encryptor based on properties with name 'jasyptStringEncryptor'
2017-04-04 11:03:41,113 INFO  c.u.j.EnableEncryptablePropertySourcesPostProcessor - Converting PropertySource commandLineArgs [org.springframework.core.env.SimpleCommandLinePropertySource] to EncryptableEnumerablePropertySourceWrapper
2017-04-04 11:03:41,115 INFO  c.u.j.EnableEncryptablePropertySourcesPostProcessor - Converting PropertySource systemProperties [org.springframework.core.env.MapPropertySource] to EncryptableMapPropertySourceWrapper
2017-04-04 11:03:41,116 INFO  c.u.j.EnableEncryptablePropertySourcesPostProcessor - Converting PropertySource systemEnvironment [org.springframework.core.env.SystemEnvironmentPropertySource] to EncryptableMapPropertySourceWrapper
2017-04-04 11:03:41,117 INFO  c.u.j.EnableEncryptablePropertySourcesPostProcessor - Converting PropertySource random [org.springframework.boot.context.config.RandomValuePropertySource] to EncryptablePropertySourceWrapper
2017-04-04 11:03:41,118 INFO  c.u.j.EnableEncryptablePropertySourcesPostProcessor - Converting PropertySource applicationConfig: [file:dashboard.properties] [org.springframework.core.env.PropertiesPropertySource] to EncryptableMapPropertySourceWrapper
2017-04-04 11:03:41,168 INFO  o.s.b.f.a.AutowiredAnnotationBeanPostProcessor - JSR-330 'javax.inject.Inject' annotation found and supported for autowiring
2017-04-04 11:03:41,356 INFO  o.h.validator.internal.util.Version - HV000001: Hibernate Validator 5.1.3.Final
2017-04-04 11:13:11,242 INFO  com.capitalone.dashboard.Application - Starting Application on PATRAG3 with PID 11536 (C:\Hygieia-master\collectors\scm\github\target\classes started by patrag in C:\Hygieia-master\collectors\scm\github\target)
2017-04-04 11:13:11,383 INFO  o.s.c.a.AnnotationConfigApplicationContext - Refreshing org.springframework.context.annotation.AnnotationConfigApplicationContext@6253c26: startup date [Tue Apr 04 11:13:11 IST 2017]; root of context hierarchy
2017-04-04 11:13:18,871 INFO  c.u.j.EnableEncryptablePropertySourcesPostProcessor - Post-processing PropertySource instances
2017-04-04 11:13:18,976 INFO  c.u.j.c.StringEncryptorConfiguration - String Encryptor custom Bean not found with name 'jasyptStringEncryptor'. Initializing String Encryptor based on properties with name 'jasyptStringEncryptor'
2017-04-04 11:13:18,992 INFO  c.u.j.EnableEncryptablePropertySourcesPostProcessor - Converting PropertySource commandLineArgs [org.springframework.core.env.SimpleCommandLinePropertySource] to EncryptableEnumerablePropertySourceWrapper
2017-04-04 11:13:18,993 INFO  c.u.j.EnableEncryptablePropertySourcesPostProcessor - Converting PropertySource systemProperties [org.springframework.core.env.MapPropertySource] to EncryptableMapPropertySourceWrapper
2017-04-04 11:13:18,994 INFO  c.u.j.EnableEncryptablePropertySourcesPostProcessor - Converting PropertySource systemEnvironment [org.springframework.core.env.SystemEnvironmentPropertySource] to EncryptableMapPropertySourceWrapper
2017-04-04 11:13:18,996 INFO  c.u.j.EnableEncryptablePropertySourcesPostProcessor - Converting PropertySource random [org.springframework.boot.context.config.RandomValuePropertySource] to EncryptablePropertySourceWrapper
2017-04-04 11:13:18,996 INFO  c.u.j.EnableEncryptablePropertySourcesPostProcessor - Converting PropertySource applicationConfig: [file:dashboard.properties] [org.springframework.core.env.PropertiesPropertySource] to EncryptableMapPropertySourceWrapper
2017-04-04 11:13:19,048 INFO  o.s.b.f.a.AutowiredAnnotationBeanPostProcessor - JSR-330 'javax.inject.Inject' annotation found and supported for autowiring
2017-04-04 11:13:19,236 INFO  o.h.validator.internal.util.Version - HV000001: Hibernate Validator 5.1.3.Final
